<?xml version="1.0" encoding="UTF-8"?>
<!-- Generated by org.testng.reporters.JUnitReportReporter -->
<testsuite hostname="DESKTOP-ALVIBGB" failures="0" tests="3" name="tests.Task3" time="3.265" errors="0" timestamp="2021-09-26T04:31:16 EET" skipped="0">
  <testcase classname="tests.Task3" name="test1" time="2.332"/>
  <system-out/>
  <testcase classname="tests.Task3" name="test2" time="0.333"/>
  <system-out/>
  <testcase classname="tests.Task3" name="test4" time="0.600"/>
  <system-out/>
</testsuite> <!-- tests.Task3 -->
