<?xml version="1.0" encoding="UTF-8"?>
<!-- Generated by org.testng.reporters.JUnitReportReporter -->
<testsuite hostname="DESKTOP-ALVIBGB" failures="0" tests="1" name="tests.Task2" time="10.294" errors="0" timestamp="2021-09-26T04:42:21 EET" skipped="0">
  <testcase classname="tests.Task2" name="getSearchResultIntoExcel" time="10.294"/>
  <system-out/>
</testsuite> <!-- tests.Task2 -->
