<?xml version="1.0" encoding="UTF-8"?>
<!-- Generated by org.testng.reporters.JUnitReportReporter -->
<testsuite hostname="DESKTOP-ALVIBGB" failures="0" tests="1" name="tests.Task1" time="7.068" errors="0" timestamp="2021-09-26T04:44:52 EET" skipped="0">
  <testcase classname="tests.Task1" name="Palindrome" time="7.068"/>
  <system-out/>
</testsuite> <!-- tests.Task1 -->
